{
  "RSpec": {
    "coverage": {
      "/Users/aciccone/Desktop/jam/app/helpers/application_helper.rb": [
        1,
        null
      ],
      "/Users/aciccone/Desktop/jam/app/controllers/home_controller.rb": [
        1,
        null,
        1,
        null,
        null,
        null,
        null
      ],
      "/Users/aciccone/Desktop/jam/app/controllers/application_controller.rb": [
        1,
        1,
        null,
        1,
        null,
        1,
        16,
        null,
        null,
        null
      ],
      "/Users/aciccone/Desktop/jam/app/controllers/sessions_controller.rb": [
        1,
        null,
        1,
        1,
        1,
        1,
        1,
        null,
        null,
        1,
        0,
        0,
        null,
        null
      ],
      "/Users/aciccone/Desktop/jam/app/models/user.rb": [
        1,
        null,
        1,
        1,
        1,
        1,
        1,
        1,
        1,
        1,
        1,
        1,
        1,
        1,
        1,
        1,
        null,
        null,
        null,
        1,
        1,
        1,
        null,
        null
      ],
      "/Users/aciccone/Desktop/jam/app/models/application_record.rb": [
        1,
        1,
        null
      ],
      "/Users/aciccone/Desktop/jam/app/service/spotify_service.rb": [
        1,
        null,
        1,
        4,
        4,
        4,
        4,
        null,
        null,
        null,
        1,
        3,
        3,
        3,
        null,
        3,
        null,
        null,
        1,
        4,
        null,
        null,
        1,
        1,
        1,
        1,
        1,
        null,
        1,
        null,
        null,
        1,
        null,
        1,
        null,
        null
      ],
      "/Users/aciccone/Desktop/jam/app/controllers/users_controller.rb": [
        1,
        1,
        1,
        1,
        null,
        null,
        1,
        null,
        1,
        1,
        20,
        79,
        79,
        null,
        null,
        null,
        null
      ],
      "/Users/aciccone/Desktop/jam/app/models/top_artists.rb": [
        1,
        null,
        1,
        1,
        60,
        60,
        60,
        null,
        null,
        1,
        3,
        60,
        null,
        null,
        null,
        null,
        null,
        null
      ],
      "/Users/aciccone/Desktop/jam/app/controllers/concerts_controller.rb": [
        1,
        1,
        null,
        null,
        1,
        1,
        1,
        1,
        1,
        1,
        null,
        null,
        null,
        1,
        null,
        1,
        1,
        20,
        20,
        null,
        null,
        null
      ],
      "/Users/aciccone/Desktop/jam/app/models/artist_concerts.rb": [
        1,
        null,
        1,
        null,
        1,
        0,
        0,
        0,
        0,
        0,
        0,
        0,
        0,
        0,
        null,
        null,
        1,
        1,
        0,
        null,
        null,
        null,
        1,
        0,
        null,
        null,
        1,
        0,
        null,
        null,
        1,
        0,
        null,
        null,
        1,
        0,
        null,
        null,
        1,
        0,
        null,
        null,
        1,
        0,
        null,
        null,
        null
      ],
      "/Users/aciccone/Desktop/jam/app/service/artists_service.rb": [
        1,
        null,
        1,
        3,
        3,
        null,
        null,
        null,
        1,
        1,
        1,
        1,
        1,
        1,
        1,
        1,
        1,
        null,
        1,
        null,
        null,
        1,
        1,
        1,
        1,
        1,
        1,
        1,
        1,
        1,
        null,
        1,
        null,
        null,
        1,
        1,
        1,
        1,
        1,
        1,
        1,
        null,
        1,
        null,
        null,
        1,
        3,
        null,
        null,
        1,
        null,
        1,
        null
      ],
      "/Users/aciccone/Desktop/jam/app/models/concert_recommendation.rb": [
        1,
        null,
        1,
        null,
        1,
        0,
        0,
        0,
        0,
        0,
        0,
        0,
        0,
        0,
        null,
        null,
        1,
        1,
        0,
        null,
        null,
        null,
        1,
        0,
        null,
        null,
        1,
        0,
        null,
        null,
        1,
        0,
        null,
        null,
        1,
        0,
        null,
        null,
        1,
        0,
        null,
        null,
        1,
        0,
        null,
        null
      ],
      "/Users/aciccone/Desktop/jam/app/models/all_concerts.rb": [
        1,
        null,
        1,
        null,
        1,
        35,
        35,
        35,
        35,
        35,
        35,
        35,
        null,
        null,
        1,
        1,
        35,
        null,
        null,
        null,
        1,
        35,
        null,
        null,
        1,
        35,
        null,
        null,
        1,
        35,
        null,
        null,
        1,
        35,
        null,
        null,
        1,
        35,
        null,
        null,
        1,
        35,
        null,
        null,
        null
      ]
    },
    "timestamp": 1483651989
  }
}
